<?xml version="1.0" encoding="UTF-8"?>
<!-- Generated by org.testng.reporters.JUnitReportReporter -->
<testsuite hostname="win764bit" name="com.psl.mainclasses.Dataprovidertest" tests="2" failures="0" timestamp="5 Aug 2014 10:03:35 GMT" time="0.009" errors="0">
  <testcase name="testDataProcvider" time="0.000" classname="com.psl.mainclasses.Dataprovidertest"/>
  <testcase name="testDataProcvider" time="0.009" classname="com.psl.mainclasses.Dataprovidertest"/>
</testsuite> <!-- com.psl.mainclasses.Dataprovidertest -->
