<?xml version="1.0" encoding="UTF-8"?>
<!-- Generated by org.testng.reporters.JUnitReportReporter -->
<testsuite hostname="win764bit" name="com.psl.mainclasses.NewTest" tests="2" failures="0" timestamp="5 Aug 2014 09:38:59 GMT" time="0.018" errors="0">
  <testcase name="TestMethod2" time="0.002" classname="com.psl.mainclasses.NewTest"/>
  <testcase name="TestMethod1" time="0.016" classname="com.psl.mainclasses.NewTest"/>
</testsuite> <!-- com.psl.mainclasses.NewTest -->
