<?xml version="1.0" encoding="UTF-8"?>
<!-- Generated by org.testng.reporters.JUnitReportReporter -->
<testsuite hostname="win764bit" name="com.psl.mainclasses.test" tests="2" failures="0" timestamp="5 Aug 2014 10:22:20 GMT" time="0.011" errors="0">
  <testcase name="testDataProcvider" time="0.001" classname="com.psl.mainclasses.test"/>
  <testcase name="testDataProcvider" time="0.010" classname="com.psl.mainclasses.test"/>
</testsuite> <!-- com.psl.mainclasses.test -->
